SRPAAS_Render/build/outputs/mapping/release/seeds.txt
com.suirui.srpaas.render.R
com.suirui.srpaas.render.R$anim
com.suirui.srpaas.render.R$anim: int abc_fade_in
com.suirui.srpaas.render.R$anim: int abc_fade_out
com.suirui.srpaas.render.R$anim: int abc_grow_fade_in_from_bottom
com.suirui.srpaas.render.R$anim: int abc_popup_enter
com.suirui.srpaas.render.R$anim: int abc_popup_exit
com.suirui.srpaas.render.R$anim: int abc_shrink_fade_out_from_bottom
com.suirui.srpaas.render.R$anim: int abc_slide_in_bottom
com.suirui.srpaas.render.R$anim: int abc_slide_in_top
com.suirui.srpaas.render.R$anim: int abc_slide_out_bottom
com.suirui.srpaas.render.R$anim: int abc_slide_out_top
com.suirui.srpaas.render.R$attr
com.suirui.srpaas.render.R$attr: int actionBarDivider
com.suirui.srpaas.render.R$attr: int actionBarItemBackground
com.suirui.srpaas.render.R$attr: int actionBarPopupTheme
com.suirui.srpaas.render.R$attr: int actionBarSize
com.suirui.srpaas.render.R$attr: int actionBarSplitStyle
com.suirui.srpaas.render.R$attr: int actionBarStyle
com.suirui.srpaas.render.R$attr: int actionBarTabBarStyle
com.suirui.srpaas.render.R$attr: int actionBarTabStyle
com.suirui.srpaas.render.R$attr: int actionBarTabTextStyle
com.suirui.srpaas.render.R$attr: int actionBarTheme
com.suirui.srpaas.render.R$attr: int actionBarWidgetTheme
com.suirui.srpaas.render.R$attr: int actionButtonStyle
com.suirui.srpaas.render.R$attr: int actionDropDownStyle
com.suirui.srpaas.render.R$attr: int actionLayout
com.suirui.srpaas.render.R$attr: int actionMenuTextAppearance
com.suirui.srpaas.render.R$attr: int actionMenuTextColor
com.suirui.srpaas.render.R$attr: int actionModeBackground
com.suirui.srpaas.render.R$attr: int actionModeCloseButtonStyle
com.suirui.srpaas.render.R$attr: int actionModeCloseDrawable
com.suirui.srpaas.render.R$attr: int actionModeCopyDrawable
com.suirui.srpaas.render.R$attr: int actionModeCutDrawable
com.suirui.srpaas.render.R$attr: int actionModeFindDrawable
com.suirui.srpaas.render.R$attr: int actionModePasteDrawable
com.suirui.srpaas.render.R$attr: int actionModePopupWindowStyle
com.suirui.srpaas.render.R$attr: int actionModeSelectAllDrawable
com.suirui.srpaas.render.R$bool
com.suirui.srpaas.render.R$bool: int abc_action_bar_embed_tabs
com.suirui.srpaas.render.R$bool: int abc_allow_stacked_button_bar
com.suirui.srpaas.render.R$bool: int abc_config_actionMenuItemAllCaps
com.suirui.srpaas.render.R$bool: int abc_config_closeDialogWhenTouchOutside
com.suirui.srpaas.render.R$bool: int abc_config_showMenuShortcutsWhenKeyboardPresent
com.suirui.srpaas.render.R$color
com.suirui.srpaas.render.R$color: int abc_background_cache_hint_selector_material_dark
com.suirui.srpaas.render.R$color: int abc_background_cache_hint_selector_material_light
com.suirui.srpaas.render.R$color: int abc_btn_colored_borderless_text_material
com.suirui.srpaas.render.R$color: int abc_color_highlight_material
com.suirui.srpaas.render.R$color: int abc_input_method_navigation_guard
com.suirui.srpaas.render.R$color: int abc_primary_text_disable_only_material_dark
com.suirui.srpaas.render.R$color: int abc_primary_text_disable_only_material_light
com.suirui.srpaas.render.R$color: int abc_primary_text_material_dark
com.suirui.srpaas.render.R$color: int abc_primary_text_material_light
com.suirui.srpaas.render.R$color: int abc_search_url_text
com.suirui.srpaas.render.R$color: int abc_search_url_text_normal
com.suirui.srpaas.render.R$color: int abc_search_url_text_pressed
com.suirui.srpaas.render.R$color: int abc_search_url_text_selected
com.suirui.srpaas.render.R$color: int abc_secondary_text_material_dark
com.suirui.srpaas.render.R$color: int abc_secondary_text_material_light
com.suirui.srpaas.render.R$color: int abc_tint_btn_checkable
com.suirui.srpaas.render.R$color: int abc_tint_default
com.suirui.srpaas.render.R$color: int abc_tint_edittext
com.suirui.srpaas.render.R$color: int abc_tint_seek_thumb
com.suirui.srpaas.render.R$color: int abc_tint_spinner
com.suirui.srpaas.render.R$color: int abc_tint_switch_thumb
...
android.support.v7.appcompat.R$id
android.support.v7.appcompat.R$id: int action0
android.support.v7.appcompat.R$id: int action_bar
android.support.v7.appcompat.R$id: int action_bar_activity_content
android.support.v7.appcompat.R$id: int action_bar_container
android.support.v7.appcompat.R$id: int action_bar_root
android.support.v7.appcompat.R$id: int action_bar_spinner
android.support.v7.appcompat.R$id: int action_bar_subtitle
android.support.v7.appcompat.R$id: int action_bar_title
android.support.v7.appcompat.R$id: int action_context_bar
android.support.v7.appcompat.R$id: int action_divider
android.support.v7.appcompat.R$id: int action_menu_divider
android.support.v7.appcompat.R$id: int action_menu_presenter
android.support.v7.appcompat.R$id: int action_mode_bar
android.support.v7.appcompat.R$id: int action_mode_bar_stub
android.support.v7.appcompat.R$id: int action_mode_close_button
android.support.v7.appcompat.R$id: int activity_chooser_view_content
android.support.v7.appcompat.R$id: int add
android.support.v7.appcompat.R$id: int alertTitle
android.support.v7.appcompat.R$id: int always
android.support.v7.appcompat.R$id: int beginning
android.support.v7.appcompat.R$id: int bottom
android.support.v7.appcompat.R$id: int buttonPanel
android.support.v7.appcompat.R$id: int cancel_action
android.support.v7.appcompat.R$id: int checkbox
android.support.v7.appcompat.R$id: int chronometer
android.support.v7.appcompat.R$id: int collapseActionView
android.support.v7.appcompat.R$integer
android.support.v7.appcompat.R$integer: int abc_config_activityDefaultDur
android.support.v7.appcompat.R$integer: int abc_config_activityShortDur
android.support.v7.appcompat.R$integer: int cancel_button_image_alpha
android.support.v7.appcompat.R$integer: int status_bar_notification_info_maxnum
android.support.v7.appcompat.R$layout
android.support.v7.appcompat.R$layout: int abc_action_bar_title_item
android.support.v7.appcompat.R$layout: int abc_action_bar_up_container
android.support.v7.appcompat.R$layout: int abc_action_bar_view_list_nav_layout
android.support.v7.appcompat.R$layout: int abc_action_menu_item_layout
android.support.v7.appcompat.R$layout: int abc_action_menu_layout
android.support.v7.appcompat.R$layout: int abc_action_mode_bar
android.support.v7.appcompat.R$layout: int abc_action_mode_close_item_material
android.support.v7.appcompat.R$layout: int abc_activity_chooser_view
android.support.v7.appcompat.R$layout: int abc_activity_chooser_view_list_item
android.support.v7.appcompat.R$layout: int abc_alert_dialog_button_bar_material
android.support.v7.appcompat.R$layout: int abc_alert_dialog_material
android.support.v7.appcompat.R$layout: int abc_dialog_title_material
android.support.v7.appcompat.R$layout: int abc_expanded_menu_layout
android.support.v7.appcompat.R$layout: int abc_list_menu_item_checkbox
android.support.v7.appcompat.R$layout: int abc_list_menu_item_icon
android.support.v7.appcompat.R$layout: int abc_list_menu_item_layout
android.support.v7.appcompat.R$layout: int abc_list_menu_item_radio
android.support.v7.appcompat.R$layout: int abc_popup_menu_header_item_layout
android.support.v7.appcompat.R$layout: int abc_popup_menu_item_layout
android.support.v7.appcompat.R$layout: int abc_screen_content_include