SRPAAS_Render/build/outputs/mapping/release/mapping.txt
com.suirui.srpaas.render.R -> com.suirui.srpaas.render.R:
    void <init>() -> <init>
com.suirui.srpaas.render.R$anim -> com.suirui.srpaas.render.R$anim:
    int abc_fade_in -> abc_fade_in
    int abc_fade_out -> abc_fade_out
    int abc_grow_fade_in_from_bottom -> abc_grow_fade_in_from_bottom
    int abc_popup_enter -> abc_popup_enter
    int abc_popup_exit -> abc_popup_exit
    int abc_shrink_fade_out_from_bottom -> abc_shrink_fade_out_from_bottom
    int abc_slide_in_bottom -> abc_slide_in_bottom
    int abc_slide_in_top -> abc_slide_in_top
    int abc_slide_out_bottom -> abc_slide_out_bottom
    int abc_slide_out_top -> abc_slide_out_top
    void <init>() -> <init>
    void <clinit>() -> <clinit>
com.suirui.srpaas.render.R$attr -> com.suirui.srpaas.render.R$attr:
    int actionBarDivider -> actionBarDivider
    int actionBarItemBackground -> actionBarItemBackground
    int actionBarPopupTheme -> actionBarPopupTheme
    int actionBarSize -> actionBarSize
    int actionBarSplitStyle -> actionBarSplitStyle
    int actionBarStyle -> actionBarStyle
    int actionBarTabBarStyle -> actionBarTabBarStyle
    int actionBarTabStyle -> actionBarTabStyle
    int actionBarTabTextStyle -> actionBarTabTextStyle
    int actionBarTheme -> actionBarTheme
    int actionBarWidgetTheme -> actionBarWidgetTheme
    int actionButtonStyle -> actionButtonStyle
    int actionDropDownStyle -> actionDropDownStyle
    int actionLayout -> actionLayout
    int actionMenuTextAppearance -> actionMenuTextAppearance
    int actionMenuTextColor -> actionMenuTextColor
    int actionModeBackground -> actionModeBackground
    int actionModeCloseButtonStyle -> actionModeCloseButtonStyle
    int actionModeCloseDrawable -> actionModeCloseDrawable
    int actionModeCopyDrawable -> actionModeCopyDrawable
    int actionModeCutDrawable -> actionModeCutDrawable
    int actionModeFindDrawable -> actionModeFindDrawable
    int actionModePasteDrawable -> actionModePasteDrawable
    int actionModePopupWindowStyle -> actionModePopupWindowStyle
    int actionModeSelectAllDrawable -> actionModeSelectAllDrawable
    int actionModeShareDrawable -> actionModeShareDrawable
com.suirui.srpaas.render.R$bool -> com.suirui.srpaas.render.R$bool:
    int abc_action_bar_embed_tabs -> abc_action_bar_embed_tabs
    int abc_allow_stacked_button_bar -> abc_allow_stacked_button_bar
    int abc_config_actionMenuItemAllCaps -> abc_config_actionMenuItemAllCaps
    int abc_config_closeDialogWhenTouchOutside -> abc_config_closeDialogWhenTouchOutside
    int abc_config_showMenuShortcutsWhenKeyboardPresent -> abc_config_showMenuShortcutsWhenKeyboardPresent
    void <init>() -> <init>
    void <clinit>() -> <clinit>
...
android.support.v7.appcompat.R$anim -> android.support.v7.appcompat.R$anim:
    int abc_fade_in -> abc_fade_in
    int abc_fade_out -> abc_fade_out
    int abc_grow_fade_in_from_bottom -> abc_grow_fade_in_from_bottom
    int abc_popup_enter -> abc_popup_enter
    int abc_popup_exit -> abc_popup_exit
    int abc_shrink_fade_out_from_bottom -> abc_shrink_fade_out_from_bottom
    int abc_slide_in_bottom -> abc_slide_in_bottom
    int abc_slide_in_top -> abc_slide_in_top
    int abc_slide_out_bottom -> abc_slide_out_bottom
    int abc_slide_out_top -> abc_slide_out_top
    void <init>() -> <init>
    void <clinit>() -> <clinit>
android.support.v7.appcompat.R$attr -> android.support.v7.appcompat.R$attr:
    int actionBarDivider -> actionBarDivider
    int actionBarItemBackground -> actionBarItemBackground
    int actionBarPopupTheme -> actionBarPopupTheme
    int actionBarSize -> actionBarSize
    int actionBarSplitStyle -> actionBarSplitStyle
    int actionBarStyle -> actionBarStyle
    int actionBarTabBarStyle -> actionBarTabBarStyle
    int actionBarTabStyle -> actionBarTabStyle
    int actionBarTabTextStyle -> actionBarTabTextStyle
    int actionBarTheme -> actionBarTheme
    int actionBarWidgetTheme -> actionBarWidgetTheme
    int actionButtonStyle -> actionButtonStyle
    int actionDropDownStyle -> actionDropDownStyle
    int actionLayout -> actionLayout
    int actionMenuTextAppearance -> actionMenuTextAppearance
    int actionMenuTextColor -> actionMenuTextColor
    int actionModeBackground -> actionModeBackground
    int actionModeCloseButtonStyle -> actionModeCloseButtonStyle
    int actionModeCloseDrawable -> actionModeCloseDrawable
    int actionModeCopyDrawable -> actionModeCopyDrawable
    int actionModeCutDrawable -> actionModeCutDrawable
    int actionModeFindDrawable -> actionModeFindDrawable
    int actionModePasteDrawable -> actionModePasteDrawable
    int actionModePopupWindowStyle -> actionModePopupWindowStyle
    int actionModeSelectAllDrawable -> actionModeSelectAllDrawable
    int actionModeShareDrawable -> actionModeShareDrawable
android.support.v7.appcompat.R$bool -> android.support.v7.appcompat.R$bool:
    int abc_action_bar_embed_tabs -> abc_action_bar_embed_tabs
    int abc_allow_stacked_button_bar -> abc_allow_stacked_button_bar
    int abc_config_actionMenuItemAllCaps -> abc_config_actionMenuItemAllCaps
    int abc_config_closeDialogWhenTouchOutside -> abc_config_closeDialogWhenTouchOutside
    int abc_config_showMenuShortcutsWhenKeyboardPresent -> abc_config_showMenuShortcutsWhenKeyboardPresent
    void <init>() -> <init>
    void <clinit>() -> <clinit>